<?xml version="1.0" encoding="UTF-8"?>
<!-- Generated by org.testng.reporters.JUnitReportReporter -->
<testsuite hostname="LAPTOP-ICBQSI75" failures="0" tests="1" name="com.SauceDemo.TestClass.TC_05VerifyWhetherWeAreAbleToBuyTheProductOrNot" time="6.219" errors="0" timestamp="2022-10-09T08:06:16 PDT" skipped="0">
  <testcase classname="com.SauceDemo.TestClass.TC_05VerifyWhetherWeAreAbleToBuyTheProductOrNot" name="BuyTheProductOrNotMethod" time="6.219"/>
  <system-out/>
</testsuite> <!-- com.SauceDemo.TestClass.TC_05VerifyWhetherWeAreAbleToBuyTheProductOrNot -->
